<?xml version="1.0" encoding="UTF-8" standalone="no"?>
<!DOCTYPE log SYSTEM "logger.dtd">
<log>
<record>
  <date>2019-04-11T14:07:54.312-0300</date>
  <logger>JOAO CARLOS FERNANDES BERNARDO</logger>
  <level>FINE</level>
  <message>File 117211398-JOAO CARLOS FERNANDES BERNARDO.zip was received. It was sent by JOAO CARLOS FERNANDES BERNARDO from IP 150.165.42.129</message>
</record>
</log>
<?xml version="1.0" encoding="UTF-8" standalone="no"?>
<!DOCTYPE log SYSTEM "logger.dtd">
<log>
<record>
  <date>2019-04-11T14:22:40.880-0300</date>
  <logger>JOAO CARLOS FERNANDES BERNARDO</logger>
  <level>FINE</level>
  <message>File 117211398-JOAO CARLOS FERNANDES BERNARDO.zip was received. It was sent by JOAO CARLOS FERNANDES BERNARDO from IP 150.165.42.129</message>
</record>
</log>
<?xml version="1.0" encoding="UTF-8" standalone="no"?>
<!DOCTYPE log SYSTEM "logger.dtd">
<log>
<record>
  <date>2019-04-11T14:39:35.013-0300</date>
  <logger>JOAO CARLOS FERNANDES BERNARDO</logger>
  <level>FINE</level>
  <message>File 117211398-JOAO CARLOS FERNANDES BERNARDO.zip was received. It was sent by JOAO CARLOS FERNANDES BERNARDO from IP 150.165.42.129</message>
</record>
